#
# A fatal error has been detected by the Java Runtime Environment:
#
#  EXCEPTION_ACCESS_VIOLATION (0xc0000005) at pc=0x598a757e, pid=16452, tid=0x00009228
#
# JRE version: Java(TM) SE Runtime Environment (8.0_191-b12) (build 1.8.0_191-b12)
# Java VM: Java HotSpot(TM) Client VM (25.191-b12 mixed mode windows-x86 )
# Problematic frame:
# V  [jvm.dll+0xe757e]
#
# Failed to write core dump. Minidumps are not enabled by default on client versions of Windows
#
# If you would like to submit a bug report, please visit:
#   http://bugreport.java.com/bugreport/crash.jsp
#

---------------  T H R E A D  ---------------

Current thread (0x27e52c00):  JavaThread "EventThread COM4" [_thread_in_vm, id=37416, stack(0x00990000,0x009e0000)]

siginfo: ExceptionCode=0xc0000005, reading address 0x00000000

Registers:
EAX=0x00000000, EBX=0x27540da8, ECX=0x27e52c00, EDX=0x0000009f
ESP=0x009df52c, EBP=0x009df548, ESI=0x00000000, EDI=0x27e52c00
EIP=0x598a757e, EFLAGS=0x00010246

Top of Stack: (sp=0x009df52c)
0x009df52c:   009df564 27e52d40 27540da8 27e52c00
0x009df53c:   2806b274 0000009f 59aa5568 009df658
0x009df54c:   6400183d 27e52d40 00000000 00000000
0x009df55c:   000000a2 009df564 62206f6e 66206675
0x009df56c:   7020726f 65626f72 6569202c 6e656c20
0x009df57c:   6e0a3020 7562206f 6f662066 72702072
0x009df58c:   2c65626f 20656920 206e656c 6f6e0a30
0x009df59c:   66756220 726f6620 6f727020 202c6562 

Instructions: (pc=0x598a757e)
0x598a755e:   c4 08 83 7f 04 00 89 7d f0 c7 45 f4 00 00 00 00
0x598a756e:   74 08 8d 4d f0 e8 e8 34 0c 00 8b 75 10 8b 45 0c
0x598a757e:   8b 10 85 f6 78 32 8b 45 14 85 c0 78 2b 8d 0c 06
0x598a758e:   3b 4a 08 77 23 85 c0 7e 3b 8b 4a 04 8b 49 04 83 


Register to memory mapping:

EAX=0x00000000 is an unknown value
EBX=0x27540da8 is an unknown value
ECX=0x27e52c00 is a thread
EDX=0x0000009f is an unknown value
ESP=0x009df52c is pointing into the stack for thread: 0x27e52c00
EBP=0x009df548 is pointing into the stack for thread: 0x27e52c00
ESI=0x00000000 is an unknown value
EDI=0x27e52c00 is a thread


Stack: [0x00990000,0x009e0000],  sp=0x009df52c,  free space=317k
Native frames: (J=compiled Java code, j=interpreted, Vv=VM code, C=native code)
V  [jvm.dll+0xe757e]
C  [jSSC-2.8_x86.dll+0x183d]
J 3231  jssc.SerialNativeInterface.readBytes(JI)[B (0 bytes) @ 0x028f86e5 [0x028f8650+0x95]
J 46044 C1 jssc.SerialPort$EventThread.run()V (84 bytes) @ 0x02a310b0 [0x02a30e40+0x270]
v  ~StubRoutines::call_stub
V  [jvm.dll+0x15c315]
V  [jvm.dll+0x223ece]
V  [jvm.dll+0x15c3ae]
V  [jvm.dll+0x15c536]
V  [jvm.dll+0x15c5a7]
V  [jvm.dll+0x1002ef]
V  [jvm.dll+0x17f550]
V  [jvm.dll+0x17fdca]
V  [jvm.dll+0x1c57a6]
C  [msvcr100.dll+0x5c556]
C  [msvcr100.dll+0x5c600]
C  [KERNEL32.DLL+0x1fa29]
C  [ntdll.dll+0x67a9e]
C  [ntdll.dll+0x67a6e]
C  0x00000000

Java frames: (J=compiled Java code, j=interpreted, Vv=VM code)
J 3231  jssc.SerialNativeInterface.readBytes(JI)[B (0 bytes) @ 0x028f86a1 [0x028f8650+0x51]
J 46044 C1 jssc.SerialPort$EventThread.run()V (84 bytes) @ 0x02a310b0 [0x02a30e40+0x270]
v  ~StubRoutines::call_stub

---------------  P R O C E S S  ---------------

Java Threads: ( => current thread )
=>0x27e52c00 JavaThread "EventThread COM4" [_thread_in_vm, id=37416, stack(0x00990000,0x009e0000)]
  0x2940f400 JavaThread "JmDNS(192-168-85-1.local.).State.Timer" [_thread_blocked, id=39136, stack(0x2b850000,0x2b8a0000)]
  0x2940e000 JavaThread "JmDNS(192-168-85-1.local.).Timer" daemon [_thread_blocked, id=42464, stack(0x2b7c0000,0x2b810000)]
  0x2940d400 JavaThread "SocketListener(192-168-85-1.local.)" daemon [_thread_in_native, id=39532, stack(0x2b730000,0x2b780000)]
  0x2940f000 JavaThread "JmDNS(LAPTOP-R4HNP74K.local.).State.Timer" [_thread_blocked, id=42412, stack(0x2b460000,0x2b4b0000)]
  0x29412c00 JavaThread "JmDNS(LAPTOP-R4HNP74K.local.).Timer" daemon [_thread_blocked, id=14324, stack(0x2b3d0000,0x2b420000)]
  0x28035000 JavaThread "SocketListener(LAPTOP-R4HNP74K.local.)" daemon [_thread_in_native, id=42480, stack(0x25630000,0x25680000)]
  0x28033000 JavaThread "JmDNS(LAPTOP-R4HNP74K.local.).State.Timer" [_thread_blocked, id=32248, stack(0x255a0000,0x255f0000)]
  0x28035400 JavaThread "JmDNS(LAPTOP-R4HNP74K.local.).Timer" daemon [_thread_blocked, id=44580, stack(0x023f0000,0x02440000)]
  0x28039400 JavaThread "SocketListener(LAPTOP-R4HNP74K.local.)" daemon [_thread_in_native, id=42252, stack(0x00a20000,0x00a70000)]
  0x29411400 JavaThread "JmDNS(LAPTOP-R4HNP74K.local.).State.Timer" [_thread_blocked, id=39328, stack(0x2b580000,0x2b5d0000)]
  0x29410800 JavaThread "JmDNS(LAPTOP-R4HNP74K.local.).Timer" daemon [_thread_blocked, id=41080, stack(0x2b4f0000,0x2b540000)]
  0x29413800 JavaThread "JmDNS(LAPTOP-R4HNP74K.local.).State.Timer" [_thread_blocked, id=43036, stack(0x2b6a0000,0x2b6f0000)]
  0x29411c00 JavaThread "JmDNS(LAPTOP-R4HNP74K.local.).Timer" daemon [_thread_blocked, id=23104, stack(0x2b610000,0x2b660000)]
  0x2940dc00 JavaThread "JmDNS(LAPTOP-R4HNP74K.local.).State.Timer" [_thread_blocked, id=36692, stack(0x2b340000,0x2b390000)]
  0x2940c400 JavaThread "JmDNS(LAPTOP-R4HNP74K.local.).Timer" daemon [_thread_blocked, id=39660, stack(0x2b2b0000,0x2b300000)]
  0x2940fc00 JavaThread "JmDNS(LAPTOP-R4HNP74K.local.).State.Timer" [_thread_blocked, id=39112, stack(0x277a0000,0x277f0000)]
  0x2940d000 JavaThread "JmDNS(LAPTOP-R4HNP74K.local.).Timer" daemon [_thread_blocked, id=34584, stack(0x25810000,0x25860000)]
  0x29410000 JavaThread "JmDNS(LAPTOP-R4HNP74K.local.).State.Timer" [_thread_blocked, id=39876, stack(0x2b220000,0x2b270000)]
  0x29412000 JavaThread "JmDNS(LAPTOP-R4HNP74K.local.).Timer" daemon [_thread_blocked, id=41380, stack(0x2b190000,0x2b1e0000)]
  0x29410c00 JavaThread "JmDNS(LAPTOP-R4HNP74K.local.).State.Timer" [_thread_blocked, id=39980, stack(0x2b070000,0x2b0c0000)]
  0x29412800 JavaThread "JmDNS(LAPTOP-R4HNP74K.local.).Timer" daemon [_thread_blocked, id=35284, stack(0x2a6c0000,0x2a710000)]
  0x2940c800 JavaThread "JmDNS(LAPTOP-R4HNP74K.local.).State.Timer" [_thread_blocked, id=41420, stack(0x2a350000,0x2a3a0000)]
  0x2940e800 JavaThread "JmDNS(LAPTOP-R4HNP74K.local.).Timer" daemon [_thread_blocked, id=41416, stack(0x2a2c0000,0x2a310000)]
  0x28033400 JavaThread "JmDNS(LAPTOP-R4HNP74K.local.).State.Timer" [_thread_blocked, id=41388, stack(0x27210000,0x27260000)]
  0x28032800 JavaThread "JmDNS(LAPTOP-R4HNP74K.local.).Timer" daemon [_thread_blocked, id=41384, stack(0x27060000,0x270b0000)]
  0x27c61400 JavaThread "JmDNS(LAPTOP-R4HNP74K.local.).State.Timer" [_thread_blocked, id=23320, stack(0x27630000,0x27680000)]
  0x27c62000 JavaThread "JmDNS(LAPTOP-R4HNP74K.local.).Timer" daemon [_thread_blocked, id=21012, stack(0x272a0000,0x272f0000)]
  0x28034800 JavaThread "JmDNS(LAPTOP-R4HNP74K.local.).State.Timer" [_thread_blocked, id=28580, stack(0x27180000,0x271d0000)]
  0x28034000 JavaThread "JmDNS(LAPTOP-R4HNP74K.local.).Timer" daemon [_thread_blocked, id=34760, stack(0x270f0000,0x27140000)]
  0x28032400 JavaThread "JmDNS(LAPTOP-R4HNP74K.local.).State.Timer" [_thread_blocked, id=27916, stack(0x26b40000,0x26b90000)]
  0x28036800 JavaThread "JmDNS(LAPTOP-R4HNP74K.local.).Timer" daemon [_thread_blocked, id=8792, stack(0x258e0000,0x25930000)]
  0x28038c00 JavaThread "JmDNS(LAPTOP-R4HNP74K.local.).State.Timer" [_thread_blocked, id=4380, stack(0x25680000,0x256d0000)]
  0x28037c00 JavaThread "JmDNS(LAPTOP-R4HNP74K.local.).Timer" daemon [_thread_blocked, id=22580, stack(0x02490000,0x024e0000)]
  0x28038000 JavaThread "JmDNS(LAPTOP-R4HNP74K.local.).State.Timer" [_thread_blocked, id=31868, stack(0x2b020000,0x2b070000)]
  0x28037400 JavaThread "JmDNS(LAPTOP-R4HNP74K.local.).Timer" daemon [_thread_blocked, id=15392, stack(0x2afd0000,0x2b020000)]
  0x28036c00 JavaThread "JmDNS(LAPTOP-R4HNP74K.local.).State.Timer" [_thread_blocked, id=10304, stack(0x2a670000,0x2a6c0000)]
  0x28033c00 JavaThread "JmDNS(LAPTOP-R4HNP74K.local.).Timer" daemon [_thread_blocked, id=34096, stack(0x2a030000,0x2a080000)]
  0x28036000 JavaThread "JmDNS(LAPTOP-R4HNP74K.local.).State.Timer" [_thread_blocked, id=21160, stack(0x25a00000,0x25a50000)]
  0x28035c00 JavaThread "JmDNS(LAPTOP-R4HNP74K.local.).Timer" daemon [_thread_blocked, id=19848, stack(0x25970000,0x259c0000)]
  0x28038800 JavaThread "DestroyJavaVM" [_thread_blocked, id=14044, stack(0x02670000,0x026c0000)]
  0x27c62400 JavaThread "TimerQueue" daemon [_thread_blocked, id=35060, stack(0x2a620000,0x2a670000)]
  0x27df1000 JavaThread "AWT-EventQueue-0" [_thread_blocked, id=21032, stack(0x29fe0000,0x2a030000)]
  0x2811e800 JavaThread "AWT-Shutdown" [_thread_blocked, id=2332, stack(0x29f50000,0x29fa0000)]
  0x27ae1400 JavaThread "Batik CleanerThread" daemon [_thread_blocked, id=32104, stack(0x28c50000,0x28ca0000)]
  0x27d18800 JavaThread "Multihomed mDNS.Timer" daemon [_thread_blocked, id=20292, stack(0x26920000,0x26970000)]
  0x27ca3800 JavaThread "cc.arduino.packages.discoverers.serial.SerialDiscovery" [_thread_blocked, id=27804, stack(0x28860000,0x288b0000)]
  0x2659e000 JavaThread "AWT-Windows" daemon [_thread_in_native, id=20476, stack(0x269b0000,0x26a00000)]
  0x2659d000 JavaThread "Java2D Disposer" daemon [_thread_blocked, id=19984, stack(0x04970000,0x049c0000)]
  0x25bba400 JavaThread "Service Thread" daemon [_thread_blocked, id=3508, stack(0x26200000,0x26250000)]
  0x25b92000 JavaThread "C1 CompilerThread0" daemon [_thread_blocked, id=12544, stack(0x26170000,0x261c0000)]
  0x25b90400 JavaThread "Attach Listener" daemon [_thread_blocked, id=9912, stack(0x260e0000,0x26130000)]
  0x25b8dc00 JavaThread "Signal Dispatcher" daemon [_thread_blocked, id=2428, stack(0x26050000,0x260a0000)]
  0x25b7c400 JavaThread "Finalizer" daemon [_thread_blocked, id=20792, stack(0x25ec0000,0x25f10000)]
  0x25b76400 JavaThread "Reference Handler" daemon [_thread_blocked, id=7316, stack(0x25e30000,0x25e80000)]

Other Threads:
  0x25b60c00 VMThread [stack: 0x25da0000,0x25df0000] [id=14052]
  0x25bcf000 WatcherThread [stack: 0x26290000,0x262e0000] [id=28620]

VM state:synchronizing (normal execution)

VM Mutex/Monitor currently owned by a thread:  ([mutex/lock_event])
[0x0252df20] Threads_lock - owner thread: 0x25b60c00
[0x0252e948] Heap_lock - owner thread: 0x27d18800

Heap:
 def new generation   total 157248K, used 157247K [0x04a00000, 0x0f4a0000, 0x0f4a0000)
  eden space 139776K, 100% used [0x04a00000, 0x0d280000, 0x0d280000)
  from space 17472K,  99% used [0x0d280000, 0x0e38fff0, 0x0e390000)
  to   space 17472K,   0% used [0x0e390000, 0x0e390000, 0x0f4a0000)
 tenured generation   total 349568K, used 349568K [0x0f4a0000, 0x24a00000, 0x24a00000)
   the space 349568K, 100% used [0x0f4a0000, 0x24a00000, 0x24a00000, 0x24a00000)
 Metaspace       used 25737K, capacity 26287K, committed 26368K, reserved 27008K

Card table byte_map: [0x24a00000,0x24b10000] byte_map_base: 0x249db000

Polling page: 0x00d80000

CodeCache: size=32768Kb used=2198Kb max_used=4659Kb free=30569Kb
 bounds [0x02830000, 0x02cc0000, 0x04830000]
 total_blobs=1238 nmethods=940 adapters=226
 compilation: enabled

Compilation events (10 events):
Event: 148513.698 Thread 0x25b92000 128857             java.util.concurrent.atomic.AtomicLong::compareAndSet (13 bytes)
Event: 148513.698 Thread 0x25b92000 nmethod 128857 0x02ace808 code [0x02ace900, 0x02ace9b0]
Event: 148514.711 Thread 0x25b92000 128858             java.lang.Math::min (11 bytes)
Event: 148515.050 Thread 0x25b92000 nmethod 128858 0x028d8848 code [0x028d8940, 0x028d89b0]
Event: 148515.050 Thread 0x25b92000 128859             javax.jmdns.impl.constants.DNSOptionCode::resultCodeForFlags (46 bytes)
Event: 148515.417 Thread 0x25b92000 nmethod 128859 0x0292a1c8 code [0x0292a2e0, 0x0292a3dc]
Event: 148515.417 Thread 0x25b92000 128860   !         javax.jmdns.impl.DNSIncoming::readAnswer (1305 bytes)
Event: 148517.371 Thread 0x25b92000 nmethod 128860 0x02c206c8 code [0x02c20ce0, 0x02c23864]
Event: 148517.371 Thread 0x25b92000 128861   !         sun.font.FontDesignMetrics::getMetrics (265 bytes)
Event: 148518.404 Thread 0x25b92000 nmethod 128861 0x02a1e608 code [0x02a1e860, 0x02a1f650]

GC Heap History (10 events):
Event: 148520.414 GC heap before
{Heap before GC invocations=3453 (full 2120):
 def new generation   total 157248K, used 157248K [0x04a00000, 0x0f4a0000, 0x0f4a0000)
  eden space 139776K, 100% used [0x04a00000, 0x0d280000, 0x0d280000)
  from space 17472K, 100% used [0x0d280000, 0x0e390000, 0x0e390000)
  to   space 17472K,   0% used [0x0e390000, 0x0e390000, 0x0f4a0000)
 tenured generation   total 349568K, used 349568K [0x0f4a0000, 0x24a00000, 0x24a00000)
   the space 349568K, 100% used [0x0f4a0000, 0x24a00000, 0x24a00000, 0x24a00000)
 Metaspace       used 25737K, capacity 26287K, committed 26368K, reserved 27008K
Event: 148520.747 GC heap after
Heap after GC invocations=3454 (full 2121):
 def new generation   total 157248K, used 157247K [0x04a00000, 0x0f4a0000, 0x0f4a0000)
  eden space 139776K, 100% used [0x04a00000, 0x0d280000, 0x0d280000)
  from space 17472K,  99% used [0x0d280000, 0x0e38ff70, 0x0e390000)
  to   space 17472K,   0% used [0x0e390000, 0x0e390000, 0x0f4a0000)
 tenured generation   total 349568K, used 349568K [0x0f4a0000, 0x24a00000, 0x24a00000)
   the space 349568K, 100% used [0x0f4a0000, 0x24a00000, 0x24a00000, 0x24a00000)
 Metaspace       used 25737K, capacity 26287K, committed 26368K, reserved 27008K
}
Event: 148520.747 GC heap before
{Heap before GC invocations=3454 (full 2121):
 def new generation   total 157248K, used 157247K [0x04a00000, 0x0f4a0000, 0x0f4a0000)
  eden space 139776K, 100% used [0x04a00000, 0x0d280000, 0x0d280000)
  from space 17472K,  99% used [0x0d280000, 0x0e38ffb0, 0x0e390000)
  to   space 17472K,   0% used [0x0e390000, 0x0e390000, 0x0f4a0000)
 tenured generation   total 349568K, used 349568K [0x0f4a0000, 0x24a00000, 0x24a00000)
   the space 349568K, 100% used [0x0f4a0000, 0x24a00000, 0x24a00000, 0x24a00000)
 Metaspace       used 25737K, capacity 26287K, committed 26368K, reserved 27008K
Event: 148521.074 GC heap after
Heap after GC invocations=3455 (full 2122):
 def new generation   total 157248K, used 157247K [0x04a00000, 0x0f4a0000, 0x0f4a0000)
  eden space 139776K, 100% used [0x04a00000, 0x0d280000, 0x0d280000)
  from space 17472K,  99% used [0x0d280000, 0x0e38ff98, 0x0e390000)
  to   space 17472K,   0% used [0x0e390000, 0x0e390000, 0x0f4a0000)
 tenured generation   total 349568K, used 349568K [0x0f4a0000, 0x24a00000, 0x24a00000)
   the space 349568K, 100% used [0x0f4a0000, 0x24a00000, 0x24a00000, 0x24a00000)
 Metaspace       used 25737K, capacity 26287K, committed 26368K, reserved 27008K
}
Event: 148521.074 GC heap before
{Heap before GC invocations=3455 (full 2122):
 def new generation   total 157248K, used 157247K [0x04a00000, 0x0f4a0000, 0x0f4a0000)
  eden space 139776K, 100% used [0x04a00000, 0x0d280000, 0x0d280000)
  from space 17472K,  99% used [0x0d280000, 0x0e38ff98, 0x0e390000)
  to   space 17472K,   0% used [0x0e390000, 0x0e390000, 0x0f4a0000)
 tenured generation   total 349568K, used 349568K [0x0f4a0000, 0x24a00000, 0x24a00000)
   the space 349568K, 100% used [0x0f4a0000, 0x24a00000, 0x24a00000, 0x24a00000)
 Metaspace       used 25737K, capacity 26287K, committed 26368K, reserved 27008K
Event: 148521.410 GC heap after
Heap after GC invocations=3456 (full 2123):
 def new generation   total 157248K, used 157247K [0x04a00000, 0x0f4a0000, 0x0f4a0000)
  eden space 139776K, 100% used [0x04a00000, 0x0d280000, 0x0d280000)
  from space 17472K,  99% used [0x0d280000, 0x0e38ff98, 0x0e390000)
  to   space 17472K,   0% used [0x0e390000, 0x0e390000, 0x0f4a0000)
 tenured generation   total 349568K, used 349568K [0x0f4a0000, 0x24a00000, 0x24a00000)
   the space 349568K, 100% used [0x0f4a0000, 0x24a00000, 0x24a00000, 0x24a00000)
 Metaspace       used 25737K, capacity 26287K, committed 26368K, reserved 27008K
}
Event: 148521.410 GC heap before
{Heap before GC invocations=3456 (full 2123):
 def new generation   total 157248K, used 157247K [0x04a00000, 0x0f4a0000, 0x0f4a0000)
  eden space 139776K, 100% used [0x04a00000, 0x0d280000, 0x0d280000)
  from space 17472K,  99% used [0x0d280000, 0x0e38fff0, 0x0e390000)
  to   space 17472K,   0% used [0x0e390000, 0x0e390000, 0x0f4a0000)
 tenured generation   total 349568K, used 349568K [0x0f4a0000, 0x24a00000, 0x24a00000)
   the space 349568K, 100% used [0x0f4a0000, 0x24a00000, 0x24a00000, 0x24a00000)
 Metaspace       used 25737K, capacity 26287K, committed 26368K, reserved 27008K
Event: 148521.752 GC heap after
Heap after GC invocations=3457 (full 2124):
 def new generation   total 157248K, used 157247K [0x04a00000, 0x0f4a0000, 0x0f4a0000)
  eden space 139776K, 100% used [0x04a00000, 0x0d280000, 0x0d280000)
  from space 17472K,  99% used [0x0d280000, 0x0e38fff0, 0x0e390000)
  to   space 17472K,   0% used [0x0e390000, 0x0e390000, 0x0f4a0000)
 tenured generation   total 349568K, used 349568K [0x0f4a0000, 0x24a00000, 0x24a00000)
   the space 349568K, 100% used [0x0f4a0000, 0x24a00000, 0x24a00000, 0x24a00000)
 Metaspace       used 25737K, capacity 26287K, committed 26368K, reserved 27008K
}
Event: 148521.752 GC heap before
{Heap before GC invocations=3457 (full 2124):
 def new generation   total 157248K, used 157247K [0x04a00000, 0x0f4a0000, 0x0f4a0000)
  eden space 139776K, 100% used [0x04a00000, 0x0d280000, 0x0d280000)
  from space 17472K,  99% used [0x0d280000, 0x0e38fff0, 0x0e390000)
  to   space 17472K,   0% used [0x0e390000, 0x0e390000, 0x0f4a0000)
 tenured generation   total 349568K, used 349568K [0x0f4a0000, 0x24a00000, 0x24a00000)
   the space 349568K, 100% used [0x0f4a0000, 0x24a00000, 0x24a00000, 0x24a00000)
 Metaspace       used 25737K, capacity 26287K, committed 26368K, reserved 27008K
Event: 148522.093 GC heap after
Heap after GC invocations=3458 (full 2125):
 def new generation   total 157248K, used 157247K [0x04a00000, 0x0f4a0000, 0x0f4a0000)
  eden space 139776K, 100% used [0x04a00000, 0x0d280000, 0x0d280000)
  from space 17472K,  99% used [0x0d280000, 0x0e38fff0, 0x0e390000)
  to   space 17472K,   0% used [0x0e390000, 0x0e390000, 0x0f4a0000)
 tenured generation   total 349568K, used 349568K [0x0f4a0000, 0x24a00000, 0x24a00000)
   the space 349568K, 100% used [0x0f4a0000, 0x24a00000, 0x24a00000, 0x24a00000)
 Metaspace       used 25737K, capacity 26287K, committed 26368K, reserved 27008K
}

Deoptimization events (0 events):
No events

Classes redefined (0 events):
No events

Internal exceptions (10 events):
Event: 148510.364 Thread 0x27df1000 Exception <a 'java/io/IOException'> (0x0e383a58) thrown at [C:\workspace\8-2-build-windows-i586-cygwin\jdk8u191\11896\hotspot\src\share\vm\prims\jni.cpp, line 709]
Event: 148510.364 Thread 0x27df1000 Exception <a 'java/io/IOException'> (0x0e3851e0) thrown at [C:\workspace\8-2-build-windows-i586-cygwin\jdk8u191\11896\hotspot\src\share\vm\prims\jni.cpp, line 709]
Event: 148516.194 Thread 0x27df1000 Exception <a 'java/lang/OutOfMemoryError'> (0x0f4f8760) thrown at [C:\workspace\8-2-build-windows-i586-cygwin\jdk8u191\11896\hotspot\src\share\vm\gc_interface/collectedHeap.inline.hpp, line 159]
Event: 148516.194 Thread 0x27df1000 Exception <a 'java/lang/OutOfMemoryError'> (0x0f4f8760) thrown at [C:\workspace\8-2-build-windows-i586-cygwin\jdk8u191\11896\hotspot\src\share\vm\prims\jvm.cpp, line 1439]
Event: 148516.195 Thread 0x27df1000 Exception <a 'java/io/IOException'> (0x0e381aa8) thrown at [C:\workspace\8-2-build-windows-i586-cygwin\jdk8u191\11896\hotspot\src\share\vm\prims\jni.cpp, line 709]
Event: 148516.195 Thread 0x27df1000 Exception <a 'java/io/IOException'> (0x0e382a10) thrown at [C:\workspace\8-2-build-windows-i586-cygwin\jdk8u191\11896\hotspot\src\share\vm\prims\jni.cpp, line 709]
Event: 148516.195 Thread 0x27df1000 Exception <a 'java/io/IOException'> (0x0e382d70) thrown at [C:\workspace\8-2-build-windows-i586-cygwin\jdk8u191\11896\hotspot\src\share\vm\prims\jni.cpp, line 709]
Event: 148516.195 Thread 0x27df1000 Exception <a 'java/io/IOException'> (0x0e382fb8) thrown at [C:\workspace\8-2-build-windows-i586-cygwin\jdk8u191\11896\hotspot\src\share\vm\prims\jni.cpp, line 709]
Event: 148521.410 Thread 0x27e52c00 Exception <a 'java/lang/OutOfMemoryError'> (0x0f4f8760) thrown at [C:\workspace\8-2-build-windows-i586-cygwin\jdk8u191\11896\hotspot\src\share\vm\gc_interface/collectedHeap.inline.hpp, line 159]
Event: 148522.093 Thread 0x2940f000 Exception <a 'java/lang/OutOfMemoryError'> (0x0f4f8760) thrown at [C:\workspace\8-2-build-windows-i586-cygwin\jdk8u191\11896\hotspot\src\share\vm\gc_interface/collectedHeap.inline.hpp, line 159]

Events (10 events):
Event: 148520.081 Executing VM operation: GenCollectForAllocation done
Event: 148520.081 Executing VM operation: GenCollectForAllocation
Event: 148520.413 Executing VM operation: GenCollectForAllocation done
Event: 148520.413 Executing VM operation: GenCollectForAllocation
Event: 148520.747 Executing VM operation: GenCollectForAllocation done
Event: 148520.747 Executing VM operation: GenCollectForAllocation
Event: 148521.410 Executing VM operation: GenCollectForAllocation done
Event: 148521.410 Executing VM operation: GenCollectForAllocation
Event: 148522.093 Executing VM operation: GenCollectForAllocation done
Event: 148522.093 Executing VM operation: GenCollectForAllocation


Dynamic libraries:
0x00dd0000 - 0x00e03000 	C:\Program Files (x86)\Arduino\java\bin\javaw.exe
0x77070000 - 0x77213000 	C:\WINDOWS\SYSTEM32\ntdll.dll
0x75e90000 - 0x75f80000 	C:\WINDOWS\System32\KERNEL32.DLL
0x755c0000 - 0x757d4000 	C:\WINDOWS\System32\KERNELBASE.dll
0x76d90000 - 0x76e0a000 	C:\WINDOWS\System32\ADVAPI32.dll
0x75cd0000 - 0x75d8f000 	C:\WINDOWS\System32\msvcrt.dll
0x75e10000 - 0x75e85000 	C:\WINDOWS\System32\sechost.dll
0x76e10000 - 0x76ecf000 	C:\WINDOWS\System32\RPCRT4.dll
0x753f0000 - 0x75590000 	C:\WINDOWS\System32\USER32.dll
0x76ce0000 - 0x76cf8000 	C:\WINDOWS\System32\win32u.dll
0x751c0000 - 0x751e4000 	C:\WINDOWS\System32\GDI32.dll
0x75b00000 - 0x75bdc000 	C:\WINDOWS\System32\gdi32full.dll
0x75d90000 - 0x75e0b000 	C:\WINDOWS\System32\msvcp_win.dll
0x759e0000 - 0x75b00000 	C:\WINDOWS\System32\ucrtbase.dll
0x64890000 - 0x64aa0000 	C:\WINDOWS\WinSxS\x86_microsoft.windows.common-controls_6595b64144ccf1df_6.0.19041.1110_none_a8625c1886757984\COMCTL32.dll
0x75590000 - 0x755b5000 	C:\WINDOWS\System32\IMM32.DLL
0x5a010000 - 0x5a0cf000 	C:\Program Files (x86)\Arduino\java\bin\msvcr100.dll
0x597c0000 - 0x59b93000 	C:\Program Files (x86)\Arduino\java\bin\client\jvm.dll
0x75cc0000 - 0x75cc6000 	C:\WINDOWS\System32\PSAPI.DLL
0x73c00000 - 0x73c08000 	C:\WINDOWS\SYSTEM32\WSOCK32.dll
0x74ea0000 - 0x74ea8000 	C:\WINDOWS\SYSTEM32\VERSION.dll
0x74230000 - 0x74258000 	C:\WINDOWS\SYSTEM32\WINMM.dll
0x758d0000 - 0x75933000 	C:\WINDOWS\System32\WS2_32.dll
0x59fe0000 - 0x5a010000 	C:\Program Files (x86)\Arduino\java\bin\splashscreen.dll
0x70b10000 - 0x70b84000 	C:\WINDOWS\system32\uxtheme.dll
0x74f30000 - 0x751b1000 	C:\WINDOWS\System32\combase.dll
0x597b0000 - 0x597bc000 	C:\Program Files (x86)\Arduino\java\bin\verify.dll
0x59780000 - 0x597a2000 	C:\Program Files (x86)\Arduino\java\bin\java.dll
0x75be0000 - 0x75cb3000 	C:\WINDOWS\System32\MSCTF.dll
0x76f50000 - 0x76fe6000 	C:\WINDOWS\System32\OLEAUT32.dll
0x59760000 - 0x59774000 	C:\Program Files (x86)\Arduino\java\bin\zip.dll
0x73b90000 - 0x73b9f000 	C:\WINDOWS\SYSTEM32\kernel.appcore.dll
0x769a0000 - 0x769ff000 	C:\WINDOWS\System32\bcryptPrimitives.dll
0x6b390000 - 0x6b449000 	C:\WINDOWS\SYSTEM32\textinputframework.dll
0x6b070000 - 0x6b2ee000 	C:\WINDOWS\System32\CoreUIComponents.dll
0x6b2f0000 - 0x6b38b000 	C:\WINDOWS\System32\CoreMessaging.dll
0x76d00000 - 0x76d87000 	C:\WINDOWS\System32\SHCORE.dll
0x73230000 - 0x73259000 	C:\WINDOWS\SYSTEM32\ntmarta.dll
0x6c170000 - 0x6c24b000 	C:\WINDOWS\SYSTEM32\wintypes.dll
0x763e0000 - 0x76993000 	C:\WINDOWS\System32\SHELL32.dll
0x72c20000 - 0x73228000 	C:\WINDOWS\SYSTEM32\windows.storage.dll
0x71780000 - 0x717a5000 	C:\WINDOWS\SYSTEM32\Wldp.dll
0x75940000 - 0x75985000 	C:\WINDOWS\System32\shlwapi.dll
0x71750000 - 0x71768000 	C:\WINDOWS\SYSTEM32\profapi.dll
0x61940000 - 0x619b3000 	C:\Program Files (x86)\Arduino\lib\listSerialsj.dll
0x75fa0000 - 0x763dc000 	C:\WINDOWS\System32\SETUPAPI.dll
0x75990000 - 0x759cb000 	C:\WINDOWS\System32\cfgmgr32.dll
0x76a00000 - 0x76a19000 	C:\WINDOWS\System32\bcrypt.dll
0x59740000 - 0x5975d000 	C:\Program Files (x86)\Arduino\lib\jnidispatch-4.2.2-win32-x86.dll
0x757e0000 - 0x758c3000 	C:\WINDOWS\System32\Ole32.dll
0x59720000 - 0x59735000 	C:\Program Files (x86)\Arduino\java\bin\net.dll
0x73260000 - 0x732b2000 	C:\WINDOWS\system32\mswsock.dll
0x59710000 - 0x5971f000 	C:\Program Files (x86)\Arduino\java\bin\nio.dll
0x595c0000 - 0x59707000 	C:\Program Files (x86)\Arduino\java\bin\awt.dll
0x6beb0000 - 0x6bf4f000 	C:\WINDOWS\SYSTEM32\apphelp.dll
0x64ef0000 - 0x64f16000 	C:\WINDOWS\system32\DWMAPI.DLL
0x59580000 - 0x595b9000 	C:\Program Files (x86)\Arduino\java\bin\fontmanager.dll
0x59470000 - 0x59573000 	C:\WINDOWS\system32\opengl32.dll
0x59430000 - 0x5946f000 	C:\WINDOWS\SYSTEM32\GLU32.dll
0x593f0000 - 0x59422000 	C:\Program Files (x86)\Arduino\java\bin\t2k.dll
0x593e0000 - 0x593ea000 	C:\Program Files (x86)\Arduino\java\bin\management.dll
0x6ba90000 - 0x6baa1000 	C:\WINDOWS\system32\napinsp.dll
0x6ba70000 - 0x6ba86000 	C:\WINDOWS\system32\pnrpnsp.dll
0x6ba60000 - 0x6ba70000 	C:\WINDOWS\system32\wshbth.dll
0x6af70000 - 0x6af86000 	C:\WINDOWS\system32\NLAapi.dll
0x74c90000 - 0x74cc2000 	C:\WINDOWS\SYSTEM32\IPHLPAPI.DLL
0x74cd0000 - 0x74d61000 	C:\WINDOWS\SYSTEM32\DNSAPI.dll
0x759d0000 - 0x759d7000 	C:\WINDOWS\System32\NSI.dll
0x6af60000 - 0x6af6e000 	C:\WINDOWS\System32\winrnr.dll
0x6af00000 - 0x6af58000 	C:\WINDOWS\System32\fwpuclnt.dll
0x6bf70000 - 0x6bf78000 	C:\Windows\System32\rasadhlp.dll
0x733b0000 - 0x733c4000 	C:\WINDOWS\SYSTEM32\dhcpcsvc6.DLL
0x73390000 - 0x733a6000 	C:\WINDOWS\SYSTEM32\dhcpcsvc.DLL
0x72bf0000 - 0x72c03000 	C:\WINDOWS\SYSTEM32\CRYPTSP.dll
0x717b0000 - 0x717df000 	C:\WINDOWS\system32\rsaenh.dll
0x74dc0000 - 0x74de5000 	C:\WINDOWS\SYSTEM32\USERENV.dll
0x71770000 - 0x7177a000 	C:\WINDOWS\SYSTEM32\CRYPTBASE.dll
0x5a160000 - 0x5a1c9000 	C:\Program Files (x86)\Arduino\msvcp100.dll
0x59e90000 - 0x59f4e000 	C:\Program Files (x86)\Arduino\msvcr100.dll
0x288b0000 - 0x288e2000 	C:\Program Files (x86)\Arduino\lib\AStylej.dll
0x5a130000 - 0x5a154000 	C:\Program Files (x86)\Arduino\java\bin\dcpr.dll
0x76ed0000 - 0x76f4e000 	C:\WINDOWS\System32\clbcatq.dll
0x670a0000 - 0x67211000 	C:\WINDOWS\SYSTEM32\WindowsCodecs.dll
0x637b0000 - 0x637e2000 	C:\WINDOWS\system32\dataexchange.dll
0x5fa50000 - 0x5fbb5000 	C:\WINDOWS\system32\dcomp.dll
0x5fbc0000 - 0x5fda0000 	C:\WINDOWS\system32\d3d11.dll
0x636e0000 - 0x637a3000 	C:\WINDOWS\system32\dxgi.dll
0x6c250000 - 0x6c3df000 	C:\WINDOWS\system32\twinapi.appcore.dll
0x5a110000 - 0x5a130000 	C:\Program Files (x86)\Arduino\java\bin\sunec.dll
0x5a100000 - 0x5a109000 	C:\Program Files (x86)\Arduino\java\bin\sunmscapi.dll
0x76a70000 - 0x76b6a000 	C:\WINDOWS\System32\CRYPT32.dll
0x73ba0000 - 0x73bcb000 	C:\WINDOWS\SYSTEM32\DEVOBJ.dll
0x76a20000 - 0x76a67000 	C:\WINDOWS\System32\WINTRUST.dll
0x72c10000 - 0x72c1e000 	C:\WINDOWS\SYSTEM32\MSASN1.dll
0x64000000 - 0x6401b000 	C:\Program Files (x86)\Arduino\lib\jSSC-2.8_x86.dll
0x59e30000 - 0x59e84000 	C:\WINDOWS\system32\Ninput.dll
0x5bfb0000 - 0x5c138000 	C:\WINDOWS\SYSTEM32\dbghelp.dll

VM Arguments:
jvm_args: -Dsun.java2d.d3d=false -Djna.nosys=true -Djna.nounpack=true -Djna.boot.library.name=jnidispatch-4.2.2-win32-x86 -Djna.boot.library.path=C:\Program Files (x86)\Arduino/lib -Djssc.library.path=C:\Program Files (x86)\Arduino/lib -DAPP_DIR=C:\Program Files (x86)\Arduino -Xms128M -Xmx512M -Dfile.encoding=UTF8 -Djava.net.preferIPv4Stack=true 
java_command: processing.app.Base C:\Users\Sam\Downloads\Arduino Project\ESP8266_AWS_IoTCore\ESP8266_AWS_IoTCore.ino
java_class_path (initial): C:\Program Files (x86)\Arduino\lib\apple.jar;C:\Program Files (x86)\Arduino\lib\arduino-core.jar;C:\Program Files (x86)\Arduino\lib\batik-1.8.jar;C:\Program Files (x86)\Arduino\lib\batik-anim-1.8.jar;C:\Program Files (x86)\Arduino\lib\batik-awt-util-1.8.jar;C:\Program Files (x86)\Arduino\lib\batik-bridge-1.8.jar;C:\Program Files (x86)\Arduino\lib\batik-codec-1.8.jar;C:\Program Files (x86)\Arduino\lib\batik-css-1.8.jar;C:\Program Files (x86)\Arduino\lib\batik-dom-1.8.jar;C:\Program Files (x86)\Arduino\lib\batik-ext-1.8.jar;C:\Program Files (x86)\Arduino\lib\batik-gvt-1.8.jar;C:\Program Files (x86)\Arduino\lib\batik-parser-1.8.jar;C:\Program Files (x86)\Arduino\lib\batik-rasterizer-1.8.jar;C:\Program Files (x86)\Arduino\lib\batik-script-1.8.jar;C:\Program Files (x86)\Arduino\lib\batik-squiggle-1.8.jar;C:\Program Files (x86)\Arduino\lib\batik-svg-dom-1.8.jar;C:\Program Files (x86)\Arduino\lib\batik-svgpp-1.8.jar;C:\Program Files (x86)\Arduino\lib\batik-transcoder-1.8.jar;C:\Program Files (x86)\Arduino\lib\batik-util-1.8.jar;C:\Program Files (x86)\Arduino\lib\batik-xml-1.8.jar;C:\Program Files (x86)\Arduino\lib\bcpg-jdk15on-152.jar;C:\Program Files (x86)\Arduino\lib\bcprov-jdk15on-152.jar;C:\Program Files (x86)\Arduino\lib\commons-codec-1.7.jar;C:\Program Files (x86)\Arduino\lib\commons-compress-1.8.jar;C:\Program Files (x86)\Arduino\lib\commons-exec-1.1.jar;C:\Program Files (x86)\Arduino\lib\commons-httpclient-3.1.jar;C:\Program Files (x86)\Arduino\lib\commons-lang3-3.8.1.jar;C:\Program Files (x86)\Arduino\lib\commons-logging-1.0.4.jar;C:\Program Files (x86)\Arduino\lib\commons-net-3.3.jar;C:\Program Files (x86)\Arduino\lib\commons-io-2.6.jar;C:\Program Files (x86)\Arduino\lib\jackson-annotations-2.9.5.jar;C:\Program Files (x86)\Arduino\lib\jackson-core-2.9.5.jar;C:\Program Files (x86)\Arduino\lib\jackson-databind-2.9.5.jar;C:\Program Files (x86)\Arduino\lib\java-semver-0.8.0.jar;C:\Program Files (x86)\Arduino\lib\jmdns-3.5.5.jar;C:\Program
Launcher Type: SUN_STANDARD

Environment Variables:
PATH=C:\Program Files (x86)\VMware\VMware Player\bin\;C:\Program Files (x86)\Intel\Intel(R) Management Engine Components\iCLS\;C:\Program Files\Intel\Intel(R) Management Engine Components\iCLS\;C:\Windows\system32;C:\Windows;C:\Windows\System32\Wbem;C:\Windows\System32\WindowsPowerShell\v1.0\;C:\Windows\System32\OpenSSH\;C:\Program Files (x86)\NVIDIA Corporation\PhysX\Common;C:\Program Files (x86)\Intel\Intel(R) Management Engine Components\DAL;C:\Program Files\Intel\Intel(R) Management Engine Components\DAL;C:\Program Files (x86)\Intel\Intel(R) Management Engine Components\IPT;C:\Program Files\Intel\Intel(R) Management Engine Components\IPT;C:\Program Files\Intel\WiFi\bin\;C:\Program Files\Common Files\Intel\WirelessCommon\;C:\WINDOWS\system32;C:\WINDOWS;C:\WINDOWS\System32\Wbem;C:\WINDOWS\System32\WindowsPowerShell\v1.0\;C:\WINDOWS\System32\OpenSSH\;C:\Program Files\MATLAB\R2018b\bin;C:\Program Files\Git\cmd;C:\Program Files\Java\jdk-13.0.2\bin;C:\Program Files\Eclipse;C:\Users\Sam\AppData\Local\Programs\Python\Python38-32;C:\Program Files\nodejs\;C:\Program Files\PuTTY\;C:\Program Files\MySQL\MySQL Shell 8.0\bin\;C:\Users\Sam\Anaconda3;C:\Users\Sam\Anaconda3\Library\mingw-w64\bin;C:\Users\Sam\Anaconda3\Library\usr\bin;C:\Users\Sam\Anaconda3\Library\bin;C:\Users\Sam\Anaconda3\Scripts;C:\Users\Sam\AppData\Local\Microsoft\WindowsApps;C:\Users\Sam\AppData\Local\Programs\Microsoft VS Code\bin;C:\MinGW\bin;C:\Users\Sam\AppData\Roaming\npm;C:\Program Files (x86)\Arduino\java\bin
USERNAME=Sam
OS=Windows_NT
PROCESSOR_IDENTIFIER=Intel64 Family 6 Model 158 Stepping 10, GenuineIntel



---------------  S Y S T E M  ---------------

OS: Windows 10.0 , 64 bit Build 19041 (10.0.19041.1348)

CPU:total 12 (initial active 12) (6 cores per cpu, 2 threads per core) family 6 model 158 stepping 10, cmov, cx8, fxsr, mmx, sse, sse2, sse3, ssse3, sse4.1, sse4.2, popcnt, avx, avx2, aes, clmul, erms, 3dnowpref, lzcnt, ht, tsc, tscinvbit, bmi1, bmi2, adx

Memory: 4k page, physical 8235796k(1367756k free), swap 23964436k(12077304k free)

vm_info: Java HotSpot(TM) Client VM (25.191-b12) for windows-x86 JRE (1.8.0_191-b12), built on Oct  6 2018 08:34:23 by "java_re" with MS VC++ 10.0 (VS2010)

time: Sat Dec 04 09:54:39 2021
elapsed time: 148522 seconds (1d 17h 15m 22s)

