#
# A fatal error has been detected by the Java Runtime Environment:
#
#  EXCEPTION_STACK_OVERFLOW (0xc00000fd) at pc=0x6400b9a3, pid=24824, tid=0x000057a0
#
# JRE version: Java(TM) SE Runtime Environment (8.0_191-b12) (build 1.8.0_191-b12)
# Java VM: Java HotSpot(TM) Client VM (25.191-b12 mixed mode windows-x86 )
# Problematic frame:
# C  [jSSC-2.8_x86.dll+0xb9a3]
#
# Failed to write core dump. Minidumps are not enabled by default on client versions of Windows
#
# If you would like to submit a bug report, please visit:
#   http://bugreport.java.com/bugreport/crash.jsp
# The crash happened outside the Java Virtual Machine in native code.
# See problematic frame for where to report the bug.
#

---------------  T H R E A D  ---------------

Current thread (0x282f6400):  JavaThread "EventThread COM9" [_thread_in_native, id=22432, stack(0x04e00000,0x04e50000)]

siginfo: ExceptionCode=0xc00000fd, ExceptionInformation=0x00000001 0x04e009a0 

Registers:
EAX=0x00037710, EBX=0x01028370, ECX=0x04e009a0, EDX=0x00000000
ESP=0x04e4f994, EBP=0x04e4f9f8, ESI=0x282f6540, EDI=0x01028384
EIP=0x6400b9a3, EFLAGS=0x00010206

Top of Stack: (sp=0x04e4f994)
0x04e4f994:   00085710 00000000 64001739 00000014
0x04e4f9a4:   3239313a 00000001 00000000 00000000
0x04e4f9b4:   00000001 00085710 00000001 00000000
0x04e4f9c4:   14d7ede8 00000b4c 03158420 00000018
0x04e4f9d4:   00000018 251abb50 00000018 25124268
0x04e4f9e4:   00000000 04e4fa18 00000000 14b6b6f0
0x04e4f9f4:   282f6400 04e4fa28 02f80b65 282f6540
0x04e4fa04:   04e4fa14 00000b4c 00000000 00085710 

Instructions: (pc=0x6400b9a3)
0x6400b983:   fd ff ff eb 91 90 90 90 90 90 90 90 90 51 50 3d
0x6400b993:   00 10 00 00 8d 4c 24 0c 72 15 81 e9 00 10 00 00
0x6400b9a3:   83 09 00 2d 00 10 00 00 3d 00 10 00 00 77 eb 29
0x6400b9b3:   c1 83 09 00 58 59 c3 90 90 8b 44 24 04 c7 00 ff 


Register to memory mapping:

EAX=0x00037710 is an unknown value
EBX=0x01028370 is an unknown value
ECX=0x04e009a0 is pointing into the stack for thread: 0x282f6400
EDX=0x00000000 is an unknown value
ESP=0x04e4f994 is pointing into the stack for thread: 0x282f6400
EBP=0x04e4f9f8 is pointing into the stack for thread: 0x282f6400
ESI=0x282f6540 is an unknown value
EDI=0x01028384 is an unknown value


Stack: [0x04e00000,0x04e50000],  sp=0x04e4f994,  free space=318k
Native frames: (J=compiled Java code, j=interpreted, Vv=VM code, C=native code)
C  [jSSC-2.8_x86.dll+0xb9a3]
J 2903  jssc.SerialNativeInterface.readBytes(JI)[B (0 bytes) @ 0x02f80b65 [0x02f80ad0+0x95]
J 3951% C1 jssc.SerialPort$EventThread.run()V (84 bytes) @ 0x02f0f900 [0x02f0f650+0x2b0]
v  ~StubRoutines::call_stub
V  [jvm.dll+0x15c315]
V  [jvm.dll+0x223ece]
V  [jvm.dll+0x15c3ae]
V  [jvm.dll+0x15c536]
V  [jvm.dll+0x15c5a7]
V  [jvm.dll+0x1002ef]
V  [jvm.dll+0x17f550]
V  [jvm.dll+0x17fdca]
V  [jvm.dll+0x1c57a6]
C  [msvcr100.dll+0x5c556]
C  [msvcr100.dll+0x5c600]
C  [KERNEL32.DLL+0x16739]
C  [ntdll.dll+0x68e7f]
C  [ntdll.dll+0x68e4d]
C  0x00000000

Java frames: (J=compiled Java code, j=interpreted, Vv=VM code)
J 2903  jssc.SerialNativeInterface.readBytes(JI)[B (0 bytes) @ 0x02f80b21 [0x02f80ad0+0x51]
J 3951% C1 jssc.SerialPort$EventThread.run()V (84 bytes) @ 0x02f0f900 [0x02f0f650+0x2b0]
v  ~StubRoutines::call_stub

---------------  P R O C E S S  ---------------

Java Threads: ( => current thread )
  0x282fc800 JavaThread "JmDNS(172-16-86-117.local.).State.Timer" [_thread_blocked, id=15456, stack(0x27a70000,0x27ac0000)]
  0x282fa400 JavaThread "JmDNS(172-16-86-117.local.).Timer" daemon [_thread_blocked, id=15856, stack(0x27630000,0x27680000)]
  0x282f9800 JavaThread "SocketListener(172-16-86-117.local.)" daemon [_thread_in_native, id=12636, stack(0x275a0000,0x275f0000)]
  0x282f7800 JavaThread "Timer-1" [_thread_blocked, id=23980, stack(0x02850000,0x028a0000)]
=>0x282f6400 JavaThread "EventThread COM9" [_thread_in_native, id=22432, stack(0x04e00000,0x04e50000)]
  0x282f7000 JavaThread "DestroyJavaVM" [_thread_blocked, id=20316, stack(0x028e0000,0x02930000)]
  0x282fb000 JavaThread "TimerQueue" daemon [_thread_blocked, id=23436, stack(0x2aea0000,0x2aef0000)]
  0x282f8c00 JavaThread "AWT-EventQueue-0" [_thread_blocked, id=21576, stack(0x2a210000,0x2a260000)]
  0x282fc400 JavaThread "AWT-Shutdown" [_thread_blocked, id=28804, stack(0x28b20000,0x28b70000)]
  0x281b3800 JavaThread "Batik CleanerThread" daemon [_thread_blocked, id=12464, stack(0x277c0000,0x27810000)]
  0x281b8000 JavaThread "JmDNS(LAPTOP-R4HNP74K.local.).State.Timer" [_thread_blocked, id=10832, stack(0x273d0000,0x27420000)]
  0x281b7c00 JavaThread "JmDNS(LAPTOP-R4HNP74K.local.).Timer" daemon [_thread_blocked, id=22096, stack(0x27300000,0x27350000)]
  0x28024c00 JavaThread "Multihomed mDNS.Timer" daemon [_thread_blocked, id=14296, stack(0x26e60000,0x26eb0000)]
  0x28021400 JavaThread "cc.arduino.packages.discoverers.serial.SerialDiscovery" [_thread_in_native, id=22812, stack(0x28bf0000,0x28c40000)]
  0x269f4800 JavaThread "AWT-Windows" daemon [_thread_in_native, id=15272, stack(0x26ef0000,0x26f40000)]
  0x269f3000 JavaThread "Java2D Disposer" daemon [_thread_blocked, id=27924, stack(0x26dd0000,0x26e20000)]
  0x2608a400 JavaThread "Service Thread" daemon [_thread_blocked, id=19348, stack(0x26660000,0x266b0000)]
  0x26082000 JavaThread "C1 CompilerThread0" daemon [_thread_blocked, id=25120, stack(0x265d0000,0x26620000)]
  0x2607fc00 JavaThread "Attach Listener" daemon [_thread_blocked, id=22068, stack(0x26540000,0x26590000)]
  0x2607dc00 JavaThread "Signal Dispatcher" daemon [_thread_blocked, id=21964, stack(0x264b0000,0x26500000)]
  0x2606bc00 JavaThread "Finalizer" daemon [_thread_blocked, id=2688, stack(0x26320000,0x26370000)]
  0x26065c00 JavaThread "Reference Handler" daemon [_thread_blocked, id=16248, stack(0x26290000,0x262e0000)]

Other Threads:
  0x26050c00 VMThread [stack: 0x04fb0000,0x05000000] [id=24672]
  0x2608f800 WatcherThread [stack: 0x266f0000,0x26740000] [id=24072]

VM state:not at safepoint (normal execution)

VM Mutex/Monitor currently owned by a thread: None

Heap:
 def new generation   total 52096K, used 21525K [0x05000000, 0x08880000, 0x0faa0000)
  eden space 46336K,  41% used [0x05000000, 0x062fe2b0, 0x07d40000)
  from space 5760K,  36% used [0x082e0000, 0x084e71d8, 0x08880000)
  to   space 5760K,   0% used [0x07d40000, 0x07d40000, 0x082e0000)
 tenured generation   total 115660K, used 87377K [0x0faa0000, 0x16b93000, 0x25000000)
   the space 115660K,  75% used [0x0faa0000, 0x14ff4620, 0x14ff4800, 0x16b93000)
 Metaspace       used 25184K, capacity 25759K, committed 25856K, reserved 25984K

Card table byte_map: [0x04e60000,0x04f70000] byte_map_base: 0x04e38000

Polling page: 0x02970000

CodeCache: size=32768Kb used=1922Kb max_used=4514Kb free=30845Kb
 bounds [0x02d20000, 0x03190000, 0x04d20000]
 total_blobs=1176 nmethods=880 adapters=223
 compilation: enabled

Compilation events (10 events):
Event: 5480.751 Thread 0x26082000 nmethod 5529 0x02f0c5c8 code [0x02f0c790, 0x02f0cc0c]
Event: 5480.752 Thread 0x26082000 5530             sun.awt.SunHints$LCDContrastKey::isCompatibleValue (36 bytes)
Event: 5480.752 Thread 0x26082000 nmethod 5530 0x02f0c348 code [0x02f0c440, 0x02f0c550]
Event: 5480.763 Thread 0x26082000 5531             sun.font.CompositeGlyphMapper::charsToGlyphs (156 bytes)
Event: 5480.763 Thread 0x26082000 nmethod 5531 0x02f0b948 code [0x02f0ba80, 0x02f0bdb8]
Event: 5481.956 Thread 0x26082000 5532             sun.font.StandardGlyphVector::initPositions (229 bytes)
Event: 5481.957 Thread 0x26082000 nmethod 5532 0x02fb64c8 code [0x02fb6690, 0x02fb6bf0]
Event: 5481.957 Thread 0x26082000 5533             java.awt.image.SinglePixelPackedSampleModel::<init> (277 bytes)
Event: 5481.958 Thread 0x26082000 nmethod 5533 0x02fb5288 code [0x02fb5460, 0x02fb5c20]
Event: 5481.958 Thread 0x26082000 5534             org.fife.ui.rsyntaxtextarea.TokenMap::get (214 bytes)

GC Heap History (10 events):
Event: 1097.731 GC heap before
{Heap before GC invocations=11 (full 2):
 def new generation   total 52096K, used 50235K [0x05000000, 0x08880000, 0x0faa0000)
  eden space 46336K, 100% used [0x05000000, 0x07d40000, 0x07d40000)
  from space 5760K,  67% used [0x07d40000, 0x0810efb0, 0x082e0000)
  to   space 5760K,   0% used [0x082e0000, 0x082e0000, 0x08880000)
 tenured generation   total 115660K, used 82627K [0x0faa0000, 0x16b93000, 0x25000000)
   the space 115660K,  71% used [0x0faa0000, 0x14b50c10, 0x14b50e00, 0x16b93000)
 Metaspace       used 25182K, capacity 25757K, committed 25856K, reserved 25984K
Event: 1097.741 GC heap after
Heap after GC invocations=12 (full 2):
 def new generation   total 52096K, used 1704K [0x05000000, 0x08880000, 0x0faa0000)
  eden space 46336K,   0% used [0x05000000, 0x05000000, 0x07d40000)
  from space 5760K,  29% used [0x082e0000, 0x0848a1d8, 0x08880000)
  to   space 5760K,   0% used [0x07d40000, 0x07d40000, 0x082e0000)
 tenured generation   total 115660K, used 86069K [0x0faa0000, 0x16b93000, 0x25000000)
   the space 115660K,  74% used [0x0faa0000, 0x14ead458, 0x14ead600, 0x16b93000)
 Metaspace       used 25182K, capacity 25757K, committed 25856K, reserved 25984K
}
Event: 2147.520 GC heap before
{Heap before GC invocations=12 (full 2):
 def new generation   total 52096K, used 48040K [0x05000000, 0x08880000, 0x0faa0000)
  eden space 46336K, 100% used [0x05000000, 0x07d40000, 0x07d40000)
  from space 5760K,  29% used [0x082e0000, 0x0848a1d8, 0x08880000)
  to   space 5760K,   0% used [0x07d40000, 0x07d40000, 0x082e0000)
 tenured generation   total 115660K, used 86069K [0x0faa0000, 0x16b93000, 0x25000000)
   the space 115660K,  74% used [0x0faa0000, 0x14ead458, 0x14ead600, 0x16b93000)
 Metaspace       used 25182K, capacity 25757K, committed 25856K, reserved 25984K
Event: 2147.525 GC heap after
Heap after GC invocations=13 (full 2):
 def new generation   total 52096K, used 2282K [0x05000000, 0x08880000, 0x0faa0000)
  eden space 46336K,   0% used [0x05000000, 0x05000000, 0x07d40000)
  from space 5760K,  39% used [0x07d40000, 0x07f7aad0, 0x082e0000)
  to   space 5760K,   0% used [0x082e0000, 0x082e0000, 0x08880000)
 tenured generation   total 115660K, used 86069K [0x0faa0000, 0x16b93000, 0x25000000)
   the space 115660K,  74% used [0x0faa0000, 0x14ead458, 0x14ead600, 0x16b93000)
 Metaspace       used 25182K, capacity 25757K, committed 25856K, reserved 25984K
}
Event: 3177.369 GC heap before
{Heap before GC invocations=13 (full 2):
 def new generation   total 52096K, used 48618K [0x05000000, 0x08880000, 0x0faa0000)
  eden space 46336K, 100% used [0x05000000, 0x07d40000, 0x07d40000)
  from space 5760K,  39% used [0x07d40000, 0x07f7aad0, 0x082e0000)
  to   space 5760K,   0% used [0x082e0000, 0x082e0000, 0x08880000)
 tenured generation   total 115660K, used 86069K [0x0faa0000, 0x16b93000, 0x25000000)
   the space 115660K,  74% used [0x0faa0000, 0x14ead458, 0x14ead600, 0x16b93000)
 Metaspace       used 25184K, capacity 25759K, committed 25856K, reserved 25984K
Event: 3177.379 GC heap after
Heap after GC invocations=14 (full 2):
 def new generation   total 52096K, used 3319K [0x05000000, 0x08880000, 0x0faa0000)
  eden space 46336K,   0% used [0x05000000, 0x05000000, 0x07d40000)
  from space 5760K,  57% used [0x082e0000, 0x0861dcb0, 0x08880000)
  to   space 5760K,   0% used [0x07d40000, 0x07d40000, 0x082e0000)
 tenured generation   total 115660K, used 86069K [0x0faa0000, 0x16b93000, 0x25000000)
   the space 115660K,  74% used [0x0faa0000, 0x14ead458, 0x14ead600, 0x16b93000)
 Metaspace       used 25184K, capacity 25759K, committed 25856K, reserved 25984K
}
Event: 4298.833 GC heap before
{Heap before GC invocations=14 (full 2):
 def new generation   total 52096K, used 49655K [0x05000000, 0x08880000, 0x0faa0000)
  eden space 46336K, 100% used [0x05000000, 0x07d40000, 0x07d40000)
  from space 5760K,  57% used [0x082e0000, 0x0861dcb0, 0x08880000)
  to   space 5760K,   0% used [0x07d40000, 0x07d40000, 0x082e0000)
 tenured generation   total 115660K, used 86069K [0x0faa0000, 0x16b93000, 0x25000000)
   the space 115660K,  74% used [0x0faa0000, 0x14ead458, 0x14ead600, 0x16b93000)
 Metaspace       used 25184K, capacity 25759K, committed 25856K, reserved 25984K
Event: 4298.851 GC heap after
Heap after GC invocations=15 (full 2):
 def new generation   total 52096K, used 2151K [0x05000000, 0x08880000, 0x0faa0000)
  eden space 46336K,   0% used [0x05000000, 0x05000000, 0x07d40000)
  from space 5760K,  37% used [0x07d40000, 0x07f59f70, 0x082e0000)
  to   space 5760K,   0% used [0x082e0000, 0x082e0000, 0x08880000)
 tenured generation   total 115660K, used 87377K [0x0faa0000, 0x16b93000, 0x25000000)
   the space 115660K,  75% used [0x0faa0000, 0x14ff4620, 0x14ff4800, 0x16b93000)
 Metaspace       used 25184K, capacity 25759K, committed 25856K, reserved 25984K
}
Event: 5400.849 GC heap before
{Heap before GC invocations=15 (full 2):
 def new generation   total 52096K, used 48487K [0x05000000, 0x08880000, 0x0faa0000)
  eden space 46336K, 100% used [0x05000000, 0x07d40000, 0x07d40000)
  from space 5760K,  37% used [0x07d40000, 0x07f59f70, 0x082e0000)
  to   space 5760K,   0% used [0x082e0000, 0x082e0000, 0x08880000)
 tenured generation   total 115660K, used 87377K [0x0faa0000, 0x16b93000, 0x25000000)
   the space 115660K,  75% used [0x0faa0000, 0x14ff4620, 0x14ff4800, 0x16b93000)
 Metaspace       used 25184K, capacity 25759K, committed 25856K, reserved 25984K
Event: 5400.852 GC heap after
Heap after GC invocations=16 (full 2):
 def new generation   total 52096K, used 2076K [0x05000000, 0x08880000, 0x0faa0000)
  eden space 46336K,   0% used [0x05000000, 0x05000000, 0x07d40000)
  from space 5760K,  36% used [0x082e0000, 0x084e71d8, 0x08880000)
  to   space 5760K,   0% used [0x07d40000, 0x07d40000, 0x082e0000)
 tenured generation   total 115660K, used 87377K [0x0faa0000, 0x16b93000, 0x25000000)
   the space 115660K,  75% used [0x0faa0000, 0x14ff4620, 0x14ff4800, 0x16b93000)
 Metaspace       used 25184K, capacity 25759K, committed 25856K, reserved 25984K
}

Deoptimization events (0 events):
No events

Classes redefined (0 events):
No events

Internal exceptions (10 events):
Event: 5405.866 Thread 0x281b8000 Exception <a 'java/io/IOException'> (0x0510cee8) thrown at [C:\workspace\8-2-build-windows-i586-cygwin\jdk8u191\11896\hotspot\src\share\vm\prims\jni.cpp, line 709]
Event: 5405.866 Thread 0x281b8000 Exception <a 'java/io/IOException'> (0x0510d160) thrown at [C:\workspace\8-2-build-windows-i586-cygwin\jdk8u191\11896\hotspot\src\share\vm\prims\jni.cpp, line 709]
Event: 5405.866 Thread 0x281b8000 Exception <a 'java/io/IOException'> (0x0510d3a8) thrown at [C:\workspace\8-2-build-windows-i586-cygwin\jdk8u191\11896\hotspot\src\share\vm\prims\jni.cpp, line 709]
Event: 5405.866 Thread 0x281b8000 Exception <a 'java/io/IOException'> (0x0510d970) thrown at [C:\workspace\8-2-build-windows-i586-cygwin\jdk8u191\11896\hotspot\src\share\vm\prims\jni.cpp, line 709]
Event: 5405.866 Thread 0x281b8000 Exception <a 'java/io/IOException'> (0x0510dbe8) thrown at [C:\workspace\8-2-build-windows-i586-cygwin\jdk8u191\11896\hotspot\src\share\vm\prims\jni.cpp, line 709]
Event: 5405.866 Thread 0x281b8000 Exception <a 'java/io/IOException'> (0x0510de30) thrown at [C:\workspace\8-2-build-windows-i586-cygwin\jdk8u191\11896\hotspot\src\share\vm\prims\jni.cpp, line 709]
Event: 5405.866 Thread 0x281b8000 Exception <a 'java/io/IOException'> (0x0510e3e0) thrown at [C:\workspace\8-2-build-windows-i586-cygwin\jdk8u191\11896\hotspot\src\share\vm\prims\jni.cpp, line 709]
Event: 5405.866 Thread 0x281b8000 Exception <a 'java/io/IOException'> (0x0510e658) thrown at [C:\workspace\8-2-build-windows-i586-cygwin\jdk8u191\11896\hotspot\src\share\vm\prims\jni.cpp, line 709]
Event: 5405.866 Thread 0x281b8000 Exception <a 'java/io/IOException'> (0x0510e8a0) thrown at [C:\workspace\8-2-build-windows-i586-cygwin\jdk8u191\11896\hotspot\src\share\vm\prims\jni.cpp, line 709]
Event: 5405.866 Thread 0x281b8000 Exception <a 'java/io/IOException'> (0x0510eae8) thrown at [C:\workspace\8-2-build-windows-i586-cygwin\jdk8u191\11896\hotspot\src\share\vm\prims\jni.cpp, line 709]

Events (10 events):
Event: 5478.767 Executing VM operation: RevokeBias done
Event: 5479.305 Thread 0x26082000 flushing nmethod 0x02ee5288
Event: 5479.305 Thread 0x26082000 flushing nmethod 0x02f0b588
Event: 5479.305 Thread 0x26082000 flushing nmethod 0x02f64ac8
Event: 5479.306 Thread 0x26082000 flushing nmethod 0x03155808
Event: 5479.306 Thread 0x26082000 flushing nmethod 0x03155c08
Event: 5480.764 Thread 0x26082000 flushing nmethod 0x03155608
Event: 5480.764 Thread 0x26082000 flushing nmethod 0x03156888
Event: 5480.764 Thread 0x26082000 flushing nmethod 0x03156a48
Event: 5480.764 Thread 0x26082000 flushing nmethod 0x031731c8


Dynamic libraries:
0x00de0000 - 0x00e13000 	C:\Program Files (x86)\Arduino\java\bin\javaw.exe
0x779f0000 - 0x77b99000 	C:\WINDOWS\SYSTEM32\ntdll.dll
0x76b20000 - 0x76c10000 	C:\WINDOWS\System32\KERNEL32.DLL
0x75f20000 - 0x76172000 	C:\WINDOWS\System32\KERNELBASE.dll
0x778f0000 - 0x7796c000 	C:\WINDOWS\System32\ADVAPI32.dll
0x764a0000 - 0x76562000 	C:\WINDOWS\System32\msvcrt.dll
0x771e0000 - 0x7725a000 	C:\WINDOWS\System32\sechost.dll
0x76790000 - 0x7684b000 	C:\WINDOWS\System32\RPCRT4.dll
0x76570000 - 0x7671c000 	C:\WINDOWS\System32\USER32.dll
0x758f0000 - 0x7590a000 	C:\WINDOWS\System32\win32u.dll
0x76cf0000 - 0x76d12000 	C:\WINDOWS\System32\GDI32.dll
0x76c10000 - 0x76cef000 	C:\WINDOWS\System32\gdi32full.dll
0x77710000 - 0x7778b000 	C:\WINDOWS\System32\msvcp_win.dll
0x768a0000 - 0x769b2000 	C:\WINDOWS\System32\ucrtbase.dll
0x6fa10000 - 0x6fc33000 	C:\WINDOWS\WinSxS\x86_microsoft.windows.common-controls_6595b64144ccf1df_6.0.22000.120_none_e541a94fcce8ed6d\COMCTL32.dll
0x77110000 - 0x77135000 	C:\WINDOWS\System32\IMM32.DLL
0x5f570000 - 0x5f62f000 	C:\Program Files (x86)\Arduino\java\bin\msvcr100.dll
0x5c6e0000 - 0x5cab3000 	C:\Program Files (x86)\Arduino\java\bin\client\jvm.dll
0x76400000 - 0x76406000 	C:\WINDOWS\System32\PSAPI.DLL
0x756e0000 - 0x756e8000 	C:\WINDOWS\SYSTEM32\VERSION.dll
0x73bc0000 - 0x73bc8000 	C:\WINDOWS\SYSTEM32\WSOCK32.dll
0x74540000 - 0x74571000 	C:\WINDOWS\SYSTEM32\WINMM.dll
0x77970000 - 0x779d4000 	C:\WINDOWS\System32\WS2_32.dll
0x6ff10000 - 0x6ff40000 	C:\Program Files (x86)\Arduino\java\bin\splashscreen.dll
0x70680000 - 0x70702000 	C:\WINDOWS\system32\uxtheme.dll
0x76e60000 - 0x770eb000 	C:\WINDOWS\System32\combase.dll
0x70580000 - 0x7058c000 	C:\Program Files (x86)\Arduino\java\bin\verify.dll
0x6fee0000 - 0x6ff02000 	C:\Program Files (x86)\Arduino\java\bin\java.dll
0x76d80000 - 0x76e5a000 	C:\WINDOWS\System32\MSCTF.dll
0x6f900000 - 0x6f914000 	C:\Program Files (x86)\Arduino\java\bin\zip.dll
0x74500000 - 0x74512000 	C:\WINDOWS\SYSTEM32\kernel.appcore.dll
0x762d0000 - 0x76334000 	C:\WINDOWS\System32\bcryptPrimitives.dll
0x70490000 - 0x70571000 	C:\WINDOWS\SYSTEM32\textinputframework.dll
0x77140000 - 0x771dc000 	C:\WINDOWS\System32\OLEAUT32.dll
0x5f170000 - 0x5f23b000 	C:\WINDOWS\SYSTEM32\CoreMessaging.dll
0x5eed0000 - 0x5f163000 	C:\WINDOWS\SYSTEM32\CoreUIComponents.dll
0x73290000 - 0x7337a000 	C:\WINDOWS\SYSTEM32\wintypes.dll
0x71e10000 - 0x71e1b000 	C:\WINDOWS\SYSTEM32\CRYPTBASE.DLL
0x75910000 - 0x75f12000 	C:\WINDOWS\System32\SHELL32.dll
0x73400000 - 0x73aa2000 	C:\WINDOWS\SYSTEM32\windows.storage.dll
0x769c0000 - 0x76a81000 	C:\WINDOWS\System32\SHCORE.dll
0x76850000 - 0x7689a000 	C:\WINDOWS\System32\shlwapi.dll
0x71df0000 - 0x71e08000 	C:\WINDOWS\SYSTEM32\profapi.dll
0x61940000 - 0x619b3000 	C:\Program Files (x86)\Arduino\lib\listSerialsj.dll
0x772c0000 - 0x776fb000 	C:\WINDOWS\System32\SETUPAPI.dll
0x635e0000 - 0x6361b000 	C:\WINDOWS\SYSTEM32\cfgmgr32.DLL
0x6f790000 - 0x6f7ad000 	C:\Program Files (x86)\Arduino\lib\jnidispatch-4.2.2-win32-x86.dll
0x76180000 - 0x762cd000 	C:\WINDOWS\System32\Ole32.dll
0x6f770000 - 0x6f785000 	C:\Program Files (x86)\Arduino\java\bin\net.dll
0x733b0000 - 0x73400000 	C:\WINDOWS\system32\mswsock.dll
0x6fed0000 - 0x6fedf000 	C:\Program Files (x86)\Arduino\java\bin\nio.dll
0x5f420000 - 0x5f567000 	C:\Program Files (x86)\Arduino\java\bin\awt.dll
0x707a0000 - 0x70840000 	C:\WINDOWS\SYSTEM32\apphelp.dll
0x67720000 - 0x67747000 	C:\WINDOWS\system32\DWMAPI.DLL
0x6f730000 - 0x6f769000 	C:\Program Files (x86)\Arduino\java\bin\fontmanager.dll
0x5f340000 - 0x5f420000 	C:\WINDOWS\system32\opengl32.dll
0x5f2f0000 - 0x5f331000 	C:\WINDOWS\SYSTEM32\GLU32.dll
0x67350000 - 0x6737e000 	C:\WINDOWS\SYSTEM32\dxcore.dll
0x5f2b0000 - 0x5f2e2000 	C:\Program Files (x86)\Arduino\java\bin\t2k.dll
0x6f720000 - 0x6f72a000 	C:\Program Files (x86)\Arduino\java\bin\management.dll
0x6d120000 - 0x6d132000 	C:\WINDOWS\system32\napinsp.dll
0x69b40000 - 0x69b56000 	C:\WINDOWS\system32\pnrpnsp.dll
0x75600000 - 0x756af000 	C:\WINDOWS\SYSTEM32\DNSAPI.dll
0x756b0000 - 0x756d4000 	C:\WINDOWS\SYSTEM32\IPHLPAPI.DLL
0x77700000 - 0x77707000 	C:\WINDOWS\System32\NSI.dll
0x6d080000 - 0x6d08e000 	C:\WINDOWS\System32\winrnr.dll
0x69b20000 - 0x69b31000 	C:\WINDOWS\system32\wshbth.dll
0x68660000 - 0x68679000 	C:\WINDOWS\system32\nlansp_c.dll
0x6da80000 - 0x6dadb000 	C:\WINDOWS\System32\fwpuclnt.dll
0x70840000 - 0x70848000 	C:\Windows\System32\rasadhlp.dll
0x73ad0000 - 0x73ae5000 	C:\WINDOWS\SYSTEM32\dhcpcsvc6.DLL
0x73ab0000 - 0x73ac7000 	C:\WINDOWS\SYSTEM32\dhcpcsvc.DLL
0x73260000 - 0x73273000 	C:\WINDOWS\SYSTEM32\CRYPTSP.dll
0x71e20000 - 0x71e4f000 	C:\WINDOWS\system32\rsaenh.dll
0x755e0000 - 0x755ff000 	C:\WINDOWS\SYSTEM32\USERENV.dll
0x74520000 - 0x74539000 	C:\WINDOWS\SYSTEM32\bcrypt.dll
0x5e3f0000 - 0x5e414000 	C:\WINDOWS\SYSTEM32\DEVOBJ.dll
0x76d20000 - 0x76d71000 	C:\WINDOWS\System32\WINTRUST.dll
0x77790000 - 0x7788e000 	C:\WINDOWS\System32\CRYPT32.dll
0x73280000 - 0x7328e000 	C:\WINDOWS\SYSTEM32\MSASN1.dll
0x5f7a0000 - 0x5f7c0000 	C:\Program Files (x86)\Arduino\java\bin\sunec.dll
0x69b10000 - 0x69b19000 	C:\Program Files (x86)\Arduino\java\bin\sunmscapi.dll
0x5f240000 - 0x5f2a9000 	C:\Program Files (x86)\Arduino\msvcp100.dll
0x5ed80000 - 0x5ee3e000 	C:\Program Files (x86)\Arduino\msvcr100.dll
0x27350000 - 0x27382000 	C:\Program Files (x86)\Arduino\lib\AStylej.dll
0x5ed50000 - 0x5ed74000 	C:\Program Files (x86)\Arduino\java\bin\dcpr.dll
0x76a90000 - 0x76b12000 	C:\WINDOWS\System32\clbcatq.dll
0x69840000 - 0x699a0000 	C:\WINDOWS\SYSTEM32\WindowsCodecs.dll
0x672a0000 - 0x672ee000 	C:\WINDOWS\system32\dataexchange.dll
0x636c0000 - 0x638b8000 	C:\WINDOWS\system32\twinapi.appcore.dll
0x64000000 - 0x6401b000 	C:\Program Files (x86)\Arduino\lib\jSSC-2.8_x86.dll
0x631a0000 - 0x63367000 	C:\WINDOWS\SYSTEM32\dbghelp.dll

VM Arguments:
jvm_args: -Dsun.java2d.d3d=false -Djna.nosys=true -Djna.nounpack=true -Djna.boot.library.name=jnidispatch-4.2.2-win32-x86 -Djna.boot.library.path=C:\Program Files (x86)\Arduino/lib -Djssc.library.path=C:\Program Files (x86)\Arduino/lib -DAPP_DIR=C:\Program Files (x86)\Arduino -Xms128M -Xmx512M -Dfile.encoding=UTF8 -Djava.net.preferIPv4Stack=true 
java_command: processing.app.Base C:\Users\Sam\Desktop\ADHOC-20220418T112704Z-001\ADHOC\ADHOC Support Documents\ESP8266_AWS_IoTCore\ESP8266_AWS_IoTCore.ino
java_class_path (initial): C:\Program Files (x86)\Arduino\lib\apple.jar;C:\Program Files (x86)\Arduino\lib\arduino-core.jar;C:\Program Files (x86)\Arduino\lib\batik-1.8.jar;C:\Program Files (x86)\Arduino\lib\batik-anim-1.8.jar;C:\Program Files (x86)\Arduino\lib\batik-awt-util-1.8.jar;C:\Program Files (x86)\Arduino\lib\batik-bridge-1.8.jar;C:\Program Files (x86)\Arduino\lib\batik-codec-1.8.jar;C:\Program Files (x86)\Arduino\lib\batik-css-1.8.jar;C:\Program Files (x86)\Arduino\lib\batik-dom-1.8.jar;C:\Program Files (x86)\Arduino\lib\batik-ext-1.8.jar;C:\Program Files (x86)\Arduino\lib\batik-gvt-1.8.jar;C:\Program Files (x86)\Arduino\lib\batik-parser-1.8.jar;C:\Program Files (x86)\Arduino\lib\batik-rasterizer-1.8.jar;C:\Program Files (x86)\Arduino\lib\batik-script-1.8.jar;C:\Program Files (x86)\Arduino\lib\batik-squiggle-1.8.jar;C:\Program Files (x86)\Arduino\lib\batik-svg-dom-1.8.jar;C:\Program Files (x86)\Arduino\lib\batik-svgpp-1.8.jar;C:\Program Files (x86)\Arduino\lib\batik-transcoder-1.8.jar;C:\Program Files (x86)\Arduino\lib\batik-util-1.8.jar;C:\Program Files (x86)\Arduino\lib\batik-xml-1.8.jar;C:\Program Files (x86)\Arduino\lib\bcpg-jdk15on-152.jar;C:\Program Files (x86)\Arduino\lib\bcprov-jdk15on-152.jar;C:\Program Files (x86)\Arduino\lib\commons-codec-1.7.jar;C:\Program Files (x86)\Arduino\lib\commons-compress-1.8.jar;C:\Program Files (x86)\Arduino\lib\commons-exec-1.1.jar;C:\Program Files (x86)\Arduino\lib\commons-httpclient-3.1.jar;C:\Program Files (x86)\Arduino\lib\commons-lang3-3.8.1.jar;C:\Program Files (x86)\Arduino\lib\commons-logging-1.0.4.jar;C:\Program Files (x86)\Arduino\lib\commons-net-3.3.jar;C:\Program Files (x86)\Arduino\lib\commons-io-2.6.jar;C:\Program Files (x86)\Arduino\lib\jackson-annotations-2.9.5.jar;C:\Program Files (x86)\Arduino\lib\jackson-core-2.9.5.jar;C:\Program Files (x86)\Arduino\lib\jackson-databind-2.9.5.jar;C:\Program Files (x86)\Arduino\lib\java-semver-0.8.0.jar;C:\Program Files (x86)\Arduino\lib\jmdns-3.5.5.jar;C:\Program
Launcher Type: SUN_STANDARD

Environment Variables:
PATH=C:\Program Files (x86)\VMware\VMware Player\bin\;C:\Program Files (x86)\Intel\Intel(R) Management Engine Components\iCLS\;C:\Program Files\Intel\Intel(R) Management Engine Components\iCLS\;C:\Windows\system32;C:\Windows;C:\Windows\System32\Wbem;C:\Windows\System32\WindowsPowerShell\v1.0\;C:\Windows\System32\OpenSSH\;C:\Program Files (x86)\NVIDIA Corporation\PhysX\Common;C:\Program Files (x86)\Intel\Intel(R) Management Engine Components\DAL;C:\Program Files\Intel\Intel(R) Management Engine Components\DAL;C:\Program Files (x86)\Intel\Intel(R) Management Engine Components\IPT;C:\Program Files\Intel\Intel(R) Management Engine Components\IPT;C:\Program Files\Intel\WiFi\bin\;C:\Program Files\Common Files\Intel\WirelessCommon\;C:\WINDOWS\system32;C:\WINDOWS;C:\WINDOWS\System32\Wbem;C:\WINDOWS\System32\WindowsPowerShell\v1.0\;C:\WINDOWS\System32\OpenSSH\;C:\Program Files\MATLAB\R2018b\bin;C:\Program Files\Git\cmd;C:\Program Files\Java\jdk-13.0.2\bin;C:\Program Files\Eclipse;C:\Users\Sam\AppData\Local\Programs\Python\Python38-32;C:\Program Files\nodejs\;C:\Program Files\PuTTY\;C:\Program Files\MySQL\MySQL Shell 8.0\bin\;C:\Users\Sam\Anaconda3;C:\Users\Sam\Anaconda3\Library\mingw-w64\bin;C:\Users\Sam\Anaconda3\Library\usr\bin;C:\Users\Sam\Anaconda3\Library\bin;C:\Users\Sam\Anaconda3\Scripts;C:\Users\Sam\AppData\Local\Microsoft\WindowsApps;C:\Users\Sam\AppData\Local\Programs\Microsoft VS Code\bin;C:\MinGW\bin;C:\Users\Sam\AppData\Roaming\npm;;C:\Program Files (x86)\Arduino\java\bin
USERNAME=Sam
OS=Windows_NT
PROCESSOR_IDENTIFIER=Intel64 Family 6 Model 158 Stepping 10, GenuineIntel



---------------  S Y S T E M  ---------------

OS: Windows 10.0 , 64 bit Build 22000 (10.0.22000.434)

CPU:total 12 (initial active 12) (6 cores per cpu, 2 threads per core) family 6 model 158 stepping 10, cmov, cx8, fxsr, mmx, sse, sse2, sse3, ssse3, sse4.1, sse4.2, popcnt, avx, avx2, aes, clmul, erms, 3dnowpref, lzcnt, ht, tsc, tscinvbit, bmi1, bmi2, adx

Memory: 4k page, physical 8235796k(1119532k free), swap 23440148k(6766708k free)

vm_info: Java HotSpot(TM) Client VM (25.191-b12) for windows-x86 JRE (1.8.0_191-b12), built on Oct  6 2018 08:34:23 by "java_re" with MS VC++ 10.0 (VS2010)

time: Tue Apr 19 20:34:21 2022
elapsed time: 5484 seconds (0d 1h 31m 24s)

